<?xml version="1.0" encoding="UTF-8"?>
<testng-results skipped="0" failed="0" total="1" passed="1">
  <reporter-output>
  </reporter-output>
  <suite name="Suite1" duration-ms="12343" started-at="2017-01-27T03:13:59Z" finished-at="2017-01-27T03:14:12Z">
    <groups>
    </groups>
    <test name="Regression1" duration-ms="12343" started-at="2017-01-27T03:13:59Z" finished-at="2017-01-27T03:14:12Z">
      <class name="com.jass.tests.LoginTests">
        <test-method status="PASS" signature="setUp()[pri:0, instance:com.jass.tests.LoginTests@2acf57e3]" name="setUp" is-config="true" duration-ms="5113" started-at="2017-01-26T19:13:59Z" finished-at="2017-01-26T19:14:05Z">
          <reporter-output>
          </reporter-output>
        </test-method> <!-- setUp -->
        <test-method status="PASS" signature="testcase01()[pri:0, instance:com.jass.tests.LoginTests@2acf57e3]" name="testcase01" duration-ms="6817" started-at="2017-01-26T19:14:05Z" finished-at="2017-01-26T19:14:11Z">
          <reporter-output>
          </reporter-output>
        </test-method> <!-- testcase01 -->
        <test-method status="PASS" signature="tearDown()[pri:0, instance:com.jass.tests.LoginTests@2acf57e3]" name="tearDown" is-config="true" duration-ms="404" started-at="2017-01-26T19:14:11Z" finished-at="2017-01-26T19:14:12Z">
          <reporter-output>
          </reporter-output>
        </test-method> <!-- tearDown -->
      </class> <!-- com.jass.tests.LoginTests -->
    </test> <!-- Regression1 -->
  </suite> <!-- Suite1 -->
</testng-results>
